<?xml version="1.0" encoding="UTF-8"?>
<!-- Generated by org.testng.reporters.JUnitReportReporter -->
<testsuite hostname="8V7SXX1MUSTFA" name="com.companyname.ui.UITest" tests="1" failures="0" timestamp="26 Aug 2015 11:40:10 GMT" time="0.001" errors="0">
  <testcase name="testDate" time="0.001" classname="com.companyname.ui.UITest"/>
</testsuite> <!-- com.companyname.ui.UITest -->
