<?xml version="1.0" encoding="UTF-8"?>
<!-- Generated by org.testng.reporters.JUnitReportReporter -->
<testsuite hostname="8V7SXX1MUSTFA" name="com.companyname.automobile.AppTest" tests="2" failures="0" timestamp="26 Aug 2015 06:12:39 GMT" time="0.018" errors="0">
  <testcase name="TestUtil" time="0.006" classname="com.companyname.automobile.AppTest"/>
  <testcase name="Test" time="0.012" classname="com.companyname.automobile.AppTest"/>
</testsuite> <!-- com.companyname.automobile.AppTest -->
