<?xml version="1.0" encoding="UTF-8"?>
<!-- Generated by org.testng.reporters.JUnitReportReporter -->
<testsuite hostname="8V7SXX1MUSTFA" name="com.companyname.automobile.UtilTest" tests="5" failures="0" timestamp="26 Aug 2015 10:28:16 GMT" time="0.001" errors="0">
  <testcase name="Test2" time="0.000" classname="com.companyname.automobile.UtilTest"/>
  <testcase name="Test" time="0.001" classname="com.companyname.automobile.UtilTest"/>
  <testcase name="Test4" time="0.000" classname="com.companyname.automobile.UtilTest"/>
  <testcase name="Test3" time="0.000" classname="com.companyname.automobile.UtilTest"/>
  <testcase name="TestUtil" time="0.000" classname="com.companyname.automobile.UtilTest"/>
</testsuite> <!-- com.companyname.automobile.UtilTest -->
